4945 4961 
4740 4940 
4761 4930 
4771 4905 
4852 4893 
4747 4752 
1240 4724 
1279 4722 
2626 4703 
2666 4692 
2668 4650 
2679 4595 
2683 4582 
2776 4576 
2777 4569 
2811 4555 
4327 4534 
4352 4519 
4483 4511 
4421 4456 
4379 4389 
2813 4313 
2839 4259 
2881 4249 
4221 4239 
3959 4211 
4086 4168 
4097 4118 
3987 4085 
3988 4048 
2882 3957 
3743 3948 
3760 3922 
3848 3892 
3880 3888 
3771 3825 
3633 3710 
3659 3686 
2884 3630 
3314 3621 
3364 3593 
3366 3564 
3502 3550 
3386 3480 
3422 3468 
3430 3438 
2891 3293 
3264 3285 
3173 3257 
2899 3161 
2911 3156 
2956 3116 
3106 3108 
2967 3104 
3028 3097 
3045 3096 
2858 2868 
2721 2771 
2696 2713 
2587 2611 
1280 2584 
1285 2581 
1289 2554 
2494 2552 
2438 2476 
2434 2436 
1344 2428 
1384 2423 
1567 2416 
1570 2376 
1579 2340 
1588 2323 
1661 2299 
2219 2296 
2234 2285 
1705 2215 
2199 2203 
1722 2151 
1843 2149 
1924 2148 
2139 2144 
2097 2126 
2058 2074 
2005 2043 
1928 1983 
1930 1974 
1844 1904 
1853 1860 
1796 1831 
1594 1658 
1597 1626 
1388 1557 
1524 1544 
1467 1510 
1396 1445 
1031 1227 
1033 1218 
1045 1204 
1148 1197 
1065 1103 
21 996 
32 964 
103 945 
105 928 
681 927 
735 923 
788 918 
797 821 
116 654 
133 652 
155 614 
205 589 
235 576 
343 572 
453 562 
499 532 
391 396 
351 367 
311 322 
51 101 
